2022-12-03T11:27:57+00:00 DEBUG Tt4b_Pixel_Class::inject_view_content_event: hit injectViewContentEvent
2022-12-03T11:27:57+00:00 DEBUG Tt4b_Pixel_Class::inject_view_content_event: Missing option "access_token"
2022-12-03T11:28:47+00:00 DEBUG tt4b_product_sync: missing access token for tt4b_product_sync
2022-12-03T11:29:21+00:00 DEBUG tt4b_product_sync: missing access token for tt4b_product_sync
2022-12-03T11:30:15+00:00 DEBUG tt4b_product_sync: missing access token for tt4b_product_sync
2022-12-03T11:31:01+00:00 DEBUG tt4b_product_sync: missing access token for tt4b_product_sync
2022-12-03T11:31:02+00:00 DEBUG Tt4b_Pixel_Class::inject_view_content_event: hit injectViewContentEvent
2022-12-03T11:31:02+00:00 DEBUG Tt4b_Pixel_Class::inject_view_content_event: Missing option "access_token"
2022-12-03T11:36:27+00:00 DEBUG tt4b_product_sync: missing access token for tt4b_product_sync
2022-12-03T11:37:48+00:00 DEBUG tt4b_product_sync: missing access token for tt4b_product_sync
2022-12-03T11:40:56+00:00 DEBUG tt4b_product_sync: missing access token for tt4b_product_sync
2022-12-03T11:42:24+00:00 DEBUG tt4b_product_sync: missing access token for tt4b_product_sync
2022-12-03T11:43:23+00:00 DEBUG tt4b_product_sync: missing access token for tt4b_product_sync
2022-12-03T11:43:46+00:00 DEBUG tt4b_product_sync: missing access token for tt4b_product_sync
2022-12-03T11:44:15+00:00 DEBUG tt4b_product_sync: missing access token for tt4b_product_sync
2022-12-03T11:46:55+00:00 DEBUG tt4b_product_sync: missing access token for tt4b_product_sync
2022-12-03T11:48:00+00:00 DEBUG tt4b_product_sync: missing access token for tt4b_product_sync
2022-12-03T11:49:13+00:00 DEBUG tt4b_product_sync: missing access token for tt4b_product_sync
2022-12-03T11:52:38+00:00 DEBUG tt4b_product_sync: missing access token for tt4b_product_sync
2022-12-03T11:53:17+00:00 DEBUG tt4b_product_sync: missing access token for tt4b_product_sync
2022-12-03T11:54:00+00:00 DEBUG tt4b_product_sync: missing access token for tt4b_product_sync
2022-12-03T11:55:12+00:00 DEBUG tt4b_product_sync: missing access token for tt4b_product_sync
2022-12-03T11:55:52+00:00 DEBUG tt4b_product_sync: missing access token for tt4b_product_sync
2022-12-03T11:56:55+00:00 DEBUG tt4b_product_sync: missing access token for tt4b_product_sync
2022-12-03T11:57:18+00:00 DEBUG tt4b_product_sync: missing access token for tt4b_product_sync
2022-12-03T11:57:35+00:00 DEBUG tt4b_product_sync: missing access token for tt4b_product_sync
2022-12-03T11:57:59+00:00 DEBUG tt4b_product_sync: missing access token for tt4b_product_sync
2022-12-03T11:58:36+00:00 DEBUG tt4b_product_sync: missing access token for tt4b_product_sync
2022-12-03T11:58:46+00:00 DEBUG tt4b_product_sync: missing access token for tt4b_product_sync
2022-12-03T11:59:11+00:00 DEBUG tt4b_product_sync: missing access token for tt4b_product_sync
2022-12-03T11:59:54+00:00 DEBUG tt4b_product_sync: missing access token for tt4b_product_sync
2022-12-03T12:00:01+00:00 DEBUG tt4b_product_sync: missing access token for tt4b_product_sync
2022-12-03T12:00:31+00:00 DEBUG tt4b_product_sync: missing access token for tt4b_product_sync
2022-12-03T12:00:35+00:00 DEBUG tt4b_product_sync: missing access token for tt4b_product_sync
2022-12-03T12:01:09+00:00 DEBUG tt4b_product_sync: missing access token for tt4b_product_sync
2022-12-03T12:02:06+00:00 DEBUG tt4b_product_sync: missing access token for tt4b_product_sync
2022-12-03T12:02:15+00:00 DEBUG tt4b_product_sync: missing access token for tt4b_product_sync
2022-12-03T12:03:43+00:00 DEBUG tt4b_product_sync: missing access token for tt4b_product_sync
2022-12-03T12:08:31+00:00 DEBUG tt4b_product_sync: missing access token for tt4b_product_sync
2022-12-03T12:10:28+00:00 DEBUG tt4b_product_sync: missing access token for tt4b_product_sync
2022-12-03T12:13:54+00:00 DEBUG tt4b_product_sync: missing access token for tt4b_product_sync
2022-12-03T12:15:16+00:00 DEBUG tt4b_product_sync: missing access token for tt4b_product_sync
2022-12-03T12:16:25+00:00 DEBUG tt4b_product_sync: missing access token for tt4b_product_sync
2022-12-03T12:24:35+00:00 DEBUG tt4b_product_sync: missing access token for tt4b_product_sync
2022-12-03T12:24:52+00:00 DEBUG tt4b_product_sync: missing access token for tt4b_product_sync
2022-12-03T12:25:09+00:00 DEBUG tt4b_product_sync: missing access token for tt4b_product_sync
2022-12-03T12:25:49+00:00 DEBUG tt4b_product_sync: missing access token for tt4b_product_sync
2022-12-03T12:26:05+00:00 DEBUG tt4b_product_sync: missing access token for tt4b_product_sync
2022-12-03T12:26:22+00:00 DEBUG tt4b_product_sync: missing access token for tt4b_product_sync
2022-12-03T12:26:36+00:00 DEBUG tt4b_product_sync: missing access token for tt4b_product_sync
2022-12-03T12:26:53+00:00 DEBUG tt4b_product_sync: missing access token for tt4b_product_sync
2022-12-03T12:27:10+00:00 DEBUG tt4b_product_sync: missing access token for tt4b_product_sync
2022-12-03T12:27:35+00:00 DEBUG tt4b_product_sync: missing access token for tt4b_product_sync
2022-12-03T12:30:01+00:00 DEBUG tt4b_product_sync: missing access token for tt4b_product_sync
2022-12-03T12:30:17+00:00 DEBUG tt4b_product_sync: missing access token for tt4b_product_sync
2022-12-03T12:30:35+00:00 DEBUG tt4b_product_sync: missing access token for tt4b_product_sync
2022-12-03T12:30:50+00:00 DEBUG tt4b_product_sync: missing access token for tt4b_product_sync
2022-12-03T12:31:03+00:00 DEBUG tt4b_product_sync: missing access token for tt4b_product_sync
2022-12-03T12:31:18+00:00 DEBUG tt4b_product_sync: missing access token for tt4b_product_sync
2022-12-03T12:32:09+00:00 DEBUG tt4b_product_sync: missing access token for tt4b_product_sync
2022-12-03T12:32:29+00:00 DEBUG tt4b_product_sync: missing access token for tt4b_product_sync
2022-12-03T12:32:43+00:00 DEBUG tt4b_product_sync: missing access token for tt4b_product_sync
2022-12-03T12:33:05+00:00 DEBUG tt4b_product_sync: missing access token for tt4b_product_sync
2022-12-03T12:33:19+00:00 DEBUG tt4b_product_sync: missing access token for tt4b_product_sync
2022-12-03T12:33:39+00:00 DEBUG tt4b_product_sync: missing access token for tt4b_product_sync
2022-12-03T12:33:50+00:00 DEBUG tt4b_product_sync: missing access token for tt4b_product_sync
2022-12-03T12:34:00+00:00 DEBUG tt4b_product_sync: missing access token for tt4b_product_sync
2022-12-03T12:34:11+00:00 DEBUG tt4b_product_sync: missing access token for tt4b_product_sync
2022-12-03T12:34:22+00:00 DEBUG tt4b_product_sync: missing access token for tt4b_product_sync
2022-12-03T12:37:27+00:00 DEBUG Tt4b_Pixel_Class::inject_view_content_event: hit injectViewContentEvent
2022-12-03T12:37:27+00:00 DEBUG Tt4b_Pixel_Class::inject_view_content_event: Missing option "access_token"
2022-12-03T12:37:59+00:00 DEBUG Tt4b_Pixel_Class::inject_view_content_event: hit injectViewContentEvent
2022-12-03T12:37:59+00:00 DEBUG Tt4b_Pixel_Class::inject_view_content_event: Missing option "access_token"
2022-12-03T14:54:47+00:00 DEBUG Tt4b_Pixel_Class::inject_view_content_event: hit injectViewContentEvent
2022-12-03T14:54:47+00:00 DEBUG Tt4b_Pixel_Class::inject_view_content_event: Missing option "access_token"
2022-12-03T14:54:51+00:00 DEBUG Tt4b_Pixel_Class::inject_add_to_cart_event: hit injectAddToCartEvent
2022-12-03T14:54:51+00:00 DEBUG Tt4b_Pixel_Class::inject_add_to_cart_event: Missing option "access_token"
2022-12-03T14:54:51+00:00 DEBUG Tt4b_Pixel_Class::inject_view_content_event: hit injectViewContentEvent
2022-12-03T14:54:51+00:00 DEBUG Tt4b_Pixel_Class::inject_view_content_event: Missing option "access_token"
2022-12-03T15:00:25+00:00 DEBUG tt4b_product_sync: missing access token for tt4b_product_sync
2022-12-03T15:01:04+00:00 DEBUG Tt4b_Pixel_Class::inject_view_content_event: hit injectViewContentEvent
2022-12-03T15:01:04+00:00 DEBUG Tt4b_Pixel_Class::inject_view_content_event: Missing option "access_token"
2022-12-03T15:01:43+00:00 DEBUG Tt4b_Pixel_Class::inject_view_content_event: hit injectViewContentEvent
2022-12-03T15:01:43+00:00 DEBUG Tt4b_Pixel_Class::inject_view_content_event: Missing option "access_token"
2022-12-03T21:20:08+00:00 DEBUG tt4b_product_sync: missing access token for tt4b_product_sync
2022-12-03T21:20:38+00:00 DEBUG tt4b_product_sync: missing access token for tt4b_product_sync
2022-12-03T21:22:55+00:00 DEBUG Tt4b_Pixel_Class::inject_view_content_event: hit injectViewContentEvent
2022-12-03T21:22:55+00:00 DEBUG Tt4b_Pixel_Class::inject_view_content_event: Missing option "access_token"
2022-12-03T21:23:27+00:00 DEBUG tt4b_product_sync: missing access token for tt4b_product_sync
2022-12-03T21:33:29+00:00 DEBUG tt4b_product_sync: missing access token for tt4b_product_sync
2022-12-03T21:34:25+00:00 DEBUG tt4b_product_sync: missing access token for tt4b_product_sync
2022-12-03T21:51:35+00:00 DEBUG Tt4b_Pixel_Class::inject_view_content_event: hit injectViewContentEvent
2022-12-03T21:51:35+00:00 DEBUG Tt4b_Pixel_Class::inject_view_content_event: Missing option "access_token"
